# JRE version: OpenJDK Runtime Environment (8.0_152-b01) (build 1.8.0_152-release-1024-b01)
# Java VM: OpenJDK 64-Bit Server VM (25.152-b01 mixed mode linux-amd64 compressed oops)
Heap:
 PSYoungGen      total 300544K, used 7065K [0x00000000e0000000, 0x00000000f5100000, 0x0000000100000000)
  eden space 278528K, 0% used [0x00000000e0000000,0x00000000e0000000,0x00000000f1000000)
  from space 22016K, 32% used [0x00000000f1000000,0x00000000f16e6558,0x00000000f2580000)
  to   space 22528K, 0% used [0x00000000f2580000,0x00000000f2580000,0x00000000f3b80000)
 ParOldGen       total 71168K, used 49992K [0x00000000a0000000, 0x00000000a4580000, 0x00000000e0000000)
  object space 71168K, 70% used [0x00000000a0000000,0x00000000a30d2320,0x00000000a4580000)
 Metaspace       used 70422K, capacity 73411K, committed 73472K, reserved 1112064K
  class space    used 9295K, capacity 9949K, committed 9984K, reserved 1048576K
GC Heap History (10 events):
Event: 16.380 GC heap after
Heap after GC invocations=17 (full 2):
 PSYoungGen      total 202752K, used 2454K [0x00000000e0000000, 0x00000000f0400000, 0x0000000100000000)
  eden space 188928K, 0% used [0x00000000e0000000,0x00000000e0000000,0x00000000eb880000)
  from space 13824K, 17% used [0x00000000eb880000,0x00000000ebae5bf0,0x00000000ec600000)
  to   space 13824K, 0% used [0x00000000ef680000,0x00000000ef680000,0x00000000f0400000)
 ParOldGen       total 43008K, used 35583K [0x00000000a0000000, 0x00000000a2a00000, 0x00000000e0000000)
  object space 43008K, 82% used [0x00000000a0000000,0x00000000a22bfeb0,0x00000000a2a00000)
 Metaspace       used 56919K, capacity 58951K, committed 59028K, reserved 1099776K
  class space    used 7722K, capacity 8192K, committed 8192K, reserved 1048576K
}
Event: 16.381 GC heap before
{Heap before GC invocations=18 (full 3):
 PSYoungGen      total 202752K, used 2454K [0x00000000e0000000, 0x00000000f0400000, 0x0000000100000000)
  eden space 188928K, 0% used [0x00000000e0000000,0x00000000e0000000,0x00000000eb880000)
  from space 13824K, 17% used [0x00000000eb880000,0x00000000ebae5bf0,0x00000000ec600000)
  to   space 13824K, 0% used [0x00000000ef680000,0x00000000ef680000,0x00000000f0400000)
 ParOldGen       total 43008K, used 35583K [0x00000000a0000000, 0x00000000a2a00000, 0x00000000e0000000)
  object space 43008K, 82% used [0x00000000a0000000,0x00000000a22bfeb0,0x00000000a2a00000)
 Metaspace       used 56919K, capacity 58951K, committed 59028K, reserved 1099776K
  class space    used 7722K, capacity 8192K, committed 8192K, reserved 1048576K
Event: 16.565 GC heap after
Heap after GC invocations=18 (full 3):
 PSYoungGen      total 202752K, used 0K [0x00000000e0000000, 0x00000000f0400000, 0x0000000100000000)
  eden space 188928K, 0% used [0x00000000e0000000,0x00000000e0000000,0x00000000eb880000)
  from space 13824K, 0% used [0x00000000eb880000,0x00000000eb880000,0x00000000ec600000)
  to   space 13824K, 0% used [0x00000000ef680000,0x00000000ef680000,0x00000000f0400000)
 ParOldGen       total 71168K, used 32729K [0x00000000a0000000, 0x00000000a4580000, 0x00000000e0000000)
  object space 71168K, 45% used [0x00000000a0000000,0x00000000a1ff6738,0x00000000a4580000)
 Metaspace       used 56919K, capacity 58951K, committed 59028K, reserved 1099776K
  class space    used 7722K, capacity 8192K, committed 8192K, reserved 1048576K
}
Event: 20.727 GC heap before
{Heap before GC invocations=19 (full 3):
 PSYoungGen      total 202752K, used 188678K [0x00000000e0000000, 0x00000000f0400000, 0x0000000100000000)
  eden space 188928K, 99% used [0x00000000e0000000,0x00000000eb8418e0,0x00000000eb880000)
  from space 13824K, 0% used [0x00000000eb880000,0x00000000eb880000,0x00000000ec600000)
  to   space 13824K, 0% used [0x00000000ef680000,0x00000000ef680000,0x00000000f0400000)
 ParOldGen       total 71168K, used 32729K [0x00000000a0000000, 0x00000000a4580000, 0x00000000e0000000)
  object space 71168K, 45% used [0x00000000a0000000,0x00000000a1ff6738,0x00000000a4580000)
 Metaspace       used 66554K, capacity 69369K, committed 69504K, reserved 1110016K
  class space    used 8940K, capacity 9546K, committed 9600K, reserved 1048576K
Event: 20.758 GC heap after
Heap after GC invocations=19 (full 3):
 PSYoungGen      total 245248K, used 13798K [0x00000000e0000000, 0x00000000f0e00000, 0x0000000100000000)
  eden space 231424K, 0% used [0x00000000e0000000,0x00000000e0000000,0x00000000ee200000)
  from space 13824K, 99% used [0x00000000ef680000,0x00000000f03f98a8,0x00000000f0400000)
  to   space 20992K, 0% used [0x00000000ee200000,0x00000000ee200000,0x00000000ef680000)
 ParOldGen       total 71168K, used 46772K [0x00000000a0000000, 0x00000000a4580000, 0x00000000e0000000)
  object space 71168K, 65% used [0x00000000a0000000,0x00000000a2dad1a0,0x00000000a4580000)
 Metaspace       used 66554K, capacity 69369K, committed 69504K, reserved 1110016K
  class space    used 8940K, capacity 9546K, committed 9600K, reserved 1048576K
}
Event: 22.147 GC heap before
{Heap before GC invocations=20 (full 3):
 PSYoungGen      total 245248K, used 244363K [0x00000000e0000000, 0x00000000f0e00000, 0x0000000100000000)
  eden space 231424K, 99% used [0x00000000e0000000,0x00000000ee1296d0,0x00000000ee200000)
  from space 13824K, 99% used [0x00000000ef680000,0x00000000f03f98a8,0x00000000f0400000)
  to   space 20992K, 0% used [0x00000000ee200000,0x00000000ee200000,0x00000000ef680000)
 ParOldGen       total 71168K, used 46772K [0x00000000a0000000, 0x00000000a4580000, 0x00000000e0000000)
  object space 71168K, 65% used [0x00000000a0000000,0x00000000a2dad1a0,0x00000000a4580000)
 Metaspace       used 66861K, capacity 69653K, committed 69760K, reserved 1110016K
  class space    used 8961K, capacity 9558K, committed 9600K, reserved 1048576K
Event: 22.202 GC heap after
Heap after GC invocations=20 (full 3):
 PSYoungGen      total 252416K, used 15247K [0x00000000e0000000, 0x00000000f3b80000, 0x0000000100000000)
  eden space 231424K, 0% used [0x00000000e0000000,0x00000000e0000000,0x00000000ee200000)
  from space 20992K, 72% used [0x00000000ee200000,0x00000000ef0e3f08,0x00000000ef680000)
  to   space 22528K, 0% used [0x00000000f2580000,0x00000000f2580000,0x00000000f3b80000)
 ParOldGen       total 71168K, used 46780K [0x00000000a0000000, 0x00000000a4580000, 0x00000000e0000000)
  object space 71168K, 65% used [0x00000000a0000000,0x00000000a2daf1a0,0x00000000a4580000)
 Metaspace       used 66861K, capacity 69653K, committed 69760K, reserved 1110016K
  class space    used 8961K, capacity 9558K, committed 9600K, reserved 1048576K
}
Event: 22.234 GC heap before
{Heap before GC invocations=21 (full 3):
 PSYoungGen      total 252416K, used 246606K [0x00000000e0000000, 0x00000000f3b80000, 0x0000000100000000)
  eden space 231424K, 99% used [0x00000000e0000000,0x00000000ee1efae0,0x00000000ee200000)
  from space 20992K, 72% used [0x00000000ee200000,0x00000000ef0e3f08,0x00000000ef680000)
  to   space 22528K, 0% used [0x00000000f2580000,0x00000000f2580000,0x00000000f3b80000)
 ParOldGen       total 71168K, used 46780K [0x00000000a0000000, 0x00000000a4580000, 0x00000000e0000000)
  object space 71168K, 65% used [0x00000000a0000000,0x00000000a2daf1a0,0x00000000a4580000)
 Metaspace       used 66865K, capacity 69653K, committed 69760K, reserved 1110016K
  class space    used 8961K, capacity 9558K, committed 9600K, reserved 1048576K
Event: 22.241 GC heap after
Heap after GC invocations=21 (full 3):
 PSYoungGen      total 301056K, used 1686K [0x00000000e0000000, 0x00000000f5100000, 0x0000000100000000)
  eden space 278528K, 0% used [0x00000000e0000000,0x00000000e0000000,0x00000000f1000000)
  from space 22528K, 7% used [0x00000000f2580000,0x00000000f2725ba8,0x00000000f3b80000)
  to   space 22016K, 0% used [0x00000000f1000000,0x00000000f1000000,0x00000000f2580000)
 ParOldGen       total 71168K, used 49824K [0x00000000a0000000, 0x00000000a4580000, 0x00000000e0000000)
  object space 71168K, 70% used [0x00000000a0000000,0x00000000a30a82d0,0x00000000a4580000)
 Metaspace       used 66865K, capacity 69653K, committed 69760K, reserved 1110016K
  class space    used 8961K, capacity 9558K, committed 9600K, reserved 1048576K
}
Event: 318.211 GC heap before
{Heap before GC invocations=22 (full 3):
 PSYoungGen      total 301056K, used 280214K [0x00000000e0000000, 0x00000000f5100000, 0x0000000100000000)
  eden space 278528K, 100% used [0x00000000e0000000,0x00000000f1000000,0x00000000f1000000)
  from space 22528K, 7% used [0x00000000f2580000,0x00000000f2725ba8,0x00000000f3b80000)
  to   space 22016K, 0% used [0x00000000f1000000,0x00000000f1000000,0x00000000f2580000)
 ParOldGen       total 71168K, used 49824K [0x00000000a0000000, 0x00000000a4580000, 0x00000000e0000000)
  object space 71168K, 70% used [0x00000000a0000000,0x00000000a30a82d0,0x00000000a4580000)
 Metaspace       used 70422K, capacity 73411K, committed 73472K, reserved 1112064K
  class space    used 9295K, capacity 9949K, committed 9984K, reserved 1048576K

